<?xml version="1.0" encoding="UTF-8"?>
<testsuite xmlns:xsi="http://www.w3.org/2001/XMLSchema-instance" xsi:noNamespaceSchemaLocation="https://maven.apache.org/surefire/maven-surefire-plugin/xsd/surefire-test-report.xsd" name="com.compsci.AppTest" time="0.122" tests="1" errors="0" skipped="0" failures="0">
  <properties>
    <property name="java.specification.version" value="17"/>
    <property name="sun.jnu.encoding" value="UTF-8"/>
    <property name="java.class.path" value="/home/adam/code/java/Grasp-Battleship/target/test-classes:/home/adam/code/java/Grasp-Battleship/target/classes:/home/adam/.m2/repository/junit/junit/4.11/junit-4.11.jar:/home/adam/.m2/repository/org/hamcrest/hamcrest-core/1.3/hamcrest-core-1.3.jar:/home/adam/.m2/repository/io/socket/socket.io-client/2.0.1/socket.io-client-2.0.1.jar:/home/adam/.m2/repository/io/socket/engine.io-client/2.0.0/engine.io-client-2.0.0.jar:/home/adam/.m2/repository/com/squareup/okhttp3/okhttp/3.12.12/okhttp-3.12.12.jar:/home/adam/.m2/repository/com/squareup/okio/okio/1.15.0/okio-1.15.0.jar:/home/adam/.m2/repository/org/json/json/20190722/json-20190722.jar:/home/adam/.m2/repository/io/socket/socket.io-server/3.0.2/socket.io-server-3.0.2.jar:/home/adam/.m2/repository/io/socket/engine.io-server/5.0.1/engine.io-server-5.0.1.jar:"/>
    <property name="java.vm.vendor" value="Oracle Corporation"/>
    <property name="sun.arch.data.model" value="64"/>
    <property name="java.vendor.url" value="https://openjdk.java.net/"/>
    <property name="os.name" value="Linux"/>
    <property name="java.vm.specification.version" value="17"/>
    <property name="sun.java.launcher" value="SUN_STANDARD"/>
    <property name="user.country" value="US"/>
    <property name="sun.boot.library.path" value="/usr/lib/jvm/java-17-openjdk/lib"/>
    <property name="sun.java.command" value="/home/adam/code/java/Grasp-Battleship/target/surefire/surefirebooter16433443141737666530.jar /home/adam/code/java/Grasp-Battleship/target/surefire 2022-02-23T19-42-39_073-jvmRun1 surefire18254899102120550400tmp surefire_04421903890908930515tmp"/>
    <property name="jdk.debug" value="release"/>
    <property name="surefire.test.class.path" value="/home/adam/code/java/Grasp-Battleship/target/test-classes:/home/adam/code/java/Grasp-Battleship/target/classes:/home/adam/.m2/repository/junit/junit/4.11/junit-4.11.jar:/home/adam/.m2/repository/org/hamcrest/hamcrest-core/1.3/hamcrest-core-1.3.jar:/home/adam/.m2/repository/io/socket/socket.io-client/2.0.1/socket.io-client-2.0.1.jar:/home/adam/.m2/repository/io/socket/engine.io-client/2.0.0/engine.io-client-2.0.0.jar:/home/adam/.m2/repository/com/squareup/okhttp3/okhttp/3.12.12/okhttp-3.12.12.jar:/home/adam/.m2/repository/com/squareup/okio/okio/1.15.0/okio-1.15.0.jar:/home/adam/.m2/repository/org/json/json/20190722/json-20190722.jar:/home/adam/.m2/repository/io/socket/socket.io-server/3.0.2/socket.io-server-3.0.2.jar:/home/adam/.m2/repository/io/socket/engine.io-server/5.0.1/engine.io-server-5.0.1.jar:"/>
    <property name="sun.cpu.endian" value="little"/>
    <property name="user.home" value="/home/adam"/>
    <property name="user.language" value="en"/>
    <property name="java.specification.vendor" value="Oracle Corporation"/>
    <property name="java.version.date" value="2021-10-19"/>
    <property name="java.home" value="/usr/lib/jvm/java-17-openjdk"/>
    <property name="file.separator" value="/"/>
    <property name="basedir" value="/home/adam/code/java/Grasp-Battleship"/>
    <property name="java.vm.compressedOopsMode" value="32-bit"/>
    <property name="line.separator" value="&#10;"/>
    <property name="java.vm.specification.vendor" value="Oracle Corporation"/>
    <property name="java.specification.name" value="Java Platform API Specification"/>
    <property name="surefire.real.class.path" value="/home/adam/code/java/Grasp-Battleship/target/surefire/surefirebooter16433443141737666530.jar"/>
    <property name="sun.management.compiler" value="HotSpot 64-Bit Tiered Compilers"/>
    <property name="java.runtime.version" value="17.0.1+12"/>
    <property name="user.name" value="adam"/>
    <property name="path.separator" value=":"/>
    <property name="os.version" value="5.16.10-arch1-1"/>
    <property name="java.runtime.name" value="OpenJDK Runtime Environment"/>
    <property name="file.encoding" value="UTF-8"/>
    <property name="java.vm.name" value="OpenJDK 64-Bit Server VM"/>
    <property name="localRepository" value="/home/adam/.m2/repository"/>
    <property name="java.vendor.url.bug" value="https://bugreport.java.com/bugreport/"/>
    <property name="java.io.tmpdir" value="/tmp"/>
    <property name="java.version" value="17.0.1"/>
    <property name="user.dir" value="/home/adam/code/java/Grasp-Battleship"/>
    <property name="os.arch" value="amd64"/>
    <property name="java.vm.specification.name" value="Java Virtual Machine Specification"/>
    <property name="native.encoding" value="UTF-8"/>
    <property name="java.library.path" value="/usr/java/packages/lib:/usr/lib64:/lib64:/lib:/usr/lib"/>
    <property name="java.vm.info" value="mixed mode"/>
    <property name="java.vendor" value="N/A"/>
    <property name="java.vm.version" value="17.0.1+12"/>
    <property name="sun.io.unicode.encoding" value="UnicodeLittle"/>
    <property name="java.class.version" value="61.0"/>
  </properties>
  <testcase name="shouldAnswerWithTrue" classname="com.compsci.AppTest" time="0.016"/>
</testsuite>