<?xml version="1.0" encoding="UTF-8"?>
<testsuite xmlns:xsi="http://www.w3.org/2001/XMLSchema-instance" xsi:noNamespaceSchemaLocation="https://maven.apache.org/surefire/maven-surefire-plugin/xsd/surefire-test-report.xsd" name="com.compsci.AppTest" time="0.043" tests="1" errors="0" skipped="0" failures="0">
  <properties>
    <property name="sun.desktop" value="windows"/>
    <property name="awt.toolkit" value="sun.awt.windows.WToolkit"/>
    <property name="java.specification.version" value="11"/>
    <property name="sun.cpu.isalist" value="amd64"/>
    <property name="sun.jnu.encoding" value="Cp1252"/>
    <property name="java.class.path" value="c:\Users\olive\Desktop\Projects\Leaf\AP Comp Sci A\battleship\target\test-classes;c:\Users\olive\Desktop\Projects\Leaf\AP Comp Sci A\battleship\target\classes;C:\Users\olive\.m2\repository\junit\junit\4.11\junit-4.11.jar;C:\Users\olive\.m2\repository\org\hamcrest\hamcrest-core\1.3\hamcrest-core-1.3.jar;C:\Users\olive\.m2\repository\io\socket\socket.io-client\2.0.1\socket.io-client-2.0.1.jar;C:\Users\olive\.m2\repository\io\socket\engine.io-client\2.0.0\engine.io-client-2.0.0.jar;C:\Users\olive\.m2\repository\com\squareup\okhttp3\okhttp\3.12.12\okhttp-3.12.12.jar;C:\Users\olive\.m2\repository\com\squareup\okio\okio\1.15.0\okio-1.15.0.jar;C:\Users\olive\.m2\repository\org\json\json\20190722\json-20190722.jar;C:\Users\olive\.m2\repository\io\socket\socket.io-server\3.0.2\socket.io-server-3.0.2.jar;C:\Users\olive\.m2\repository\io\socket\engine.io-server\5.0.1\engine.io-server-5.0.1.jar;"/>
    <property name="java.vm.vendor" value="Oracle Corporation"/>
    <property name="sun.arch.data.model" value="64"/>
    <property name="user.variant" value=""/>
    <property name="java.vendor.url" value="https://openjdk.java.net/"/>
    <property name="user.timezone" value="Europe/Prague"/>
    <property name="java.vm.specification.version" value="11"/>
    <property name="os.name" value="Windows 10"/>
    <property name="sun.java.launcher" value="SUN_STANDARD"/>
    <property name="user.country" value="US"/>
    <property name="sun.boot.library.path" value="C:\Program Files\Java\jdk-11.0.12\bin"/>
    <property name="sun.java.command" value="C:\Users\olive\AppData\Local\Temp\surefire6018607884092906889\surefirebooter17749955936821267153.jar C:\Users\olive\AppData\Local\Temp\surefire6018607884092906889 2022-02-23T01-34-47_461-jvmRun1 surefire6483363440516627509tmp surefire_015422946664587182943tmp"/>
    <property name="jdk.debug" value="release"/>
    <property name="surefire.test.class.path" value="c:\Users\olive\Desktop\Projects\Leaf\AP Comp Sci A\battleship\target\test-classes;c:\Users\olive\Desktop\Projects\Leaf\AP Comp Sci A\battleship\target\classes;C:\Users\olive\.m2\repository\junit\junit\4.11\junit-4.11.jar;C:\Users\olive\.m2\repository\org\hamcrest\hamcrest-core\1.3\hamcrest-core-1.3.jar;C:\Users\olive\.m2\repository\io\socket\socket.io-client\2.0.1\socket.io-client-2.0.1.jar;C:\Users\olive\.m2\repository\io\socket\engine.io-client\2.0.0\engine.io-client-2.0.0.jar;C:\Users\olive\.m2\repository\com\squareup\okhttp3\okhttp\3.12.12\okhttp-3.12.12.jar;C:\Users\olive\.m2\repository\com\squareup\okio\okio\1.15.0\okio-1.15.0.jar;C:\Users\olive\.m2\repository\org\json\json\20190722\json-20190722.jar;C:\Users\olive\.m2\repository\io\socket\socket.io-server\3.0.2\socket.io-server-3.0.2.jar;C:\Users\olive\.m2\repository\io\socket\engine.io-server\5.0.1\engine.io-server-5.0.1.jar;"/>
    <property name="sun.cpu.endian" value="little"/>
    <property name="user.home" value="C:\Users\olive"/>
    <property name="user.language" value="en"/>
    <property name="java.specification.vendor" value="Oracle Corporation"/>
    <property name="java.version.date" value="2021-07-20"/>
    <property name="java.home" value="C:\Program Files\Java\jdk-11.0.12"/>
    <property name="file.separator" value="\"/>
    <property name="basedir" value="c:\Users\olive\Desktop\Projects\Leaf\AP Comp Sci A\battleship"/>
    <property name="java.vm.compressedOopsMode" value="32-bit"/>
    <property name="line.separator" value="&#10;"/>
    <property name="java.specification.name" value="Java Platform API Specification"/>
    <property name="java.vm.specification.vendor" value="Oracle Corporation"/>
    <property name="java.awt.graphicsenv" value="sun.awt.Win32GraphicsEnvironment"/>
    <property name="surefire.real.class.path" value="C:\Users\olive\AppData\Local\Temp\surefire6018607884092906889\surefirebooter17749955936821267153.jar"/>
    <property name="user.script" value=""/>
    <property name="sun.management.compiler" value="HotSpot 64-Bit Tiered Compilers"/>
    <property name="java.runtime.version" value="11.0.12+8-LTS-237"/>
    <property name="user.name" value="olive"/>
    <property name="path.separator" value=";"/>
    <property name="os.version" value="10.0"/>
    <property name="java.runtime.name" value="Java(TM) SE Runtime Environment"/>
    <property name="file.encoding" value="Cp1252"/>
    <property name="java.vm.name" value="Java HotSpot(TM) 64-Bit Server VM"/>
    <property name="java.vendor.version" value="18.9"/>
    <property name="localRepository" value="C:\Users\olive\.m2\repository"/>
    <property name="java.vendor.url.bug" value="https://bugreport.java.com/bugreport/"/>
    <property name="java.io.tmpdir" value="C:\Users\olive\AppData\Local\Temp\"/>
    <property name="java.version" value="11.0.12"/>
    <property name="user.dir" value="c:\Users\olive\Desktop\Projects\Leaf\AP Comp Sci A\battleship"/>
    <property name="os.arch" value="amd64"/>
    <property name="java.vm.specification.name" value="Java Virtual Machine Specification"/>
    <property name="java.awt.printerjob" value="sun.awt.windows.WPrinterJob"/>
    <property name="sun.os.patch.level" value=""/>
    <property name="java.library.path" value="C:\Program Files\Java\jdk-11.0.12\bin;C:\Windows\Sun\Java\bin;C:\Windows\system32;C:\Windows;C:\Program Files\Common Files\Oracle\Java\javapath;C:\Windows\system32;C:\Windows;C:\Windows\System32\Wbem;C:\Windows\System32\WindowsPowerShell\v1.0\;C:\Windows\System32\OpenSSH\;C:\Program Files\Git\cmd;C:\Users\olive\AppData\Local\Programs\Python\Python39\Scripts;C:\Users\olive\AppData\Local\Programs\Python\Python39;C:\Program Files\Java\jdk-11.0.12\;C:\Program Files\nodejs\;C:\Program Files\MongoDB\Server\5.0\bin;C:\Users\olive\AppData\Local\Microsoft\WindowsApps;C:\Users\olive\AppData\Local\Programs\Microsoft VS Code\bin;C:\Users\olive\AppData\Roaming\npm;C:\Program Files\heroku\bin;."/>
    <property name="java.vendor" value="Oracle Corporation"/>
    <property name="java.vm.info" value="mixed mode"/>
    <property name="java.vm.version" value="11.0.12+8-LTS-237"/>
    <property name="sun.io.unicode.encoding" value="UnicodeLittle"/>
    <property name="java.class.version" value="55.0"/>
  </properties>
  <testcase name="shouldAnswerWithTrue" classname="com.compsci.AppTest" time="0.002"/>
</testsuite>